<?xml version="1.0" encoding="UTF-8"?>
<!-- Generated by org.testng.reporters.JUnitReportReporter -->
<testsuite hostname="DKondalarao-PC" name="seleniu.ide.Flipkart" tests="1" failures="0" timestamp="22 Feb 2016 07:05:37 GMT" time="60.516" errors="0">
  <testcase name="testFlipkart" time="60.516" classname="seleniu.ide.Flipkart"/>
</testsuite> <!-- seleniu.ide.Flipkart -->
