<?xml version="1.0" encoding="UTF-8"?>
<!-- Generated by org.testng.reporters.JUnitReportReporter -->
<testsuite hostname="DKondalarao-PC" name="selenium.popup.PopUp" tests="1" failures="0" timestamp="22 Feb 2016 08:11:24 GMT" time="38.398" errors="0">
  <testcase name="eenadu" time="38.398" classname="selenium.popup.PopUp"/>
</testsuite> <!-- selenium.popup.PopUp -->
