<?xml version="1.0" encoding="UTF-8"?>
<!-- Generated by org.testng.reporters.JUnitReportReporter -->
<testsuite hostname="DKondalarao-PC" name="selenium.pom.DemoPerfom" tests="1" failures="0" timestamp="17 Mar 2016 10:32:27 GMT" time="17.516" errors="0">
  <testcase name="TestCase1" time="17.516" classname="selenium.pom.DemoPerfom"/>
</testsuite> <!-- selenium.pom.DemoPerfom -->
