<?xml version="1.0" encoding="UTF-8"?>
<!-- Generated by org.testng.reporters.JUnitReportReporter -->
<testsuite hostname="DKondalarao-PC" name="selenium.java.TestNGDemo" tests="3" failures="0" timestamp="16 Mar 2016 14:22:55 GMT" time="0.032" errors="0">
  <testcase name="testA" time="0.002" classname="selenium.java.TestNGDemo"/>
  <testcase name="testC" time="0.028" classname="selenium.java.TestNGDemo"/>
  <testcase name="testF" time="0.002" classname="selenium.java.TestNGDemo"/>
</testsuite> <!-- selenium.java.TestNGDemo -->
