<?xml version="1.0" encoding="UTF-8"?>
<!-- Generated by org.testng.reporters.JUnitReportReporter -->
<testsuite hostname="DKondalarao-PC" name="selenium.excel.GmailDemo" tests="1" failures="0" timestamp="24 Feb 2016 12:48:28 GMT" time="5.614" errors="0">
  <testcase name="test" time="5.614" classname="selenium.excel.GmailDemo"/>
</testsuite> <!-- selenium.excel.GmailDemo -->
