<?xml version="1.0" encoding="UTF-8"?>
<!-- Generated by org.testng.reporters.JUnitReportReporter -->
<testsuite hostname="DKondalarao-PC" name="selenium.links.LinksTry" tests="1" failures="0" timestamp="9 Feb 2016 14:43:09 GMT" time="28.431" errors="0">
  <testcase name="exce" time="28.431" classname="selenium.links.LinksTry"/>
</testsuite> <!-- selenium.links.LinksTry -->
