<?xml version="1.0" encoding="UTF-8"?>
<!-- Generated by org.testng.reporters.JUnitReportReporter -->
<testsuite hostname="DKondalarao-PC" name="selenium.links.Links" tests="1" failures="0" timestamp="9 Feb 2016 14:14:17 GMT" time="171.582" errors="0">
  <testcase name="link" time="171.582" classname="selenium.links.Links"/>
</testsuite> <!-- selenium.links.Links -->
