<?xml version="1.0" encoding="UTF-8"?>
<!-- Generated by org.testng.reporters.JUnitReportReporter -->
<testsuite hostname="DKondalarao-PC" name="selenium.naukri.PruNaukri" tests="2" failures="0" timestamp="7 Mar 2016 06:25:51 GMT" time="28.753" errors="0">
  <testcase name="snapshot" time="27.804" classname="selenium.naukri.PruNaukri"/>
  <testcase name="loginnaukri" time="0.949" classname="selenium.naukri.PruNaukri"/>
</testsuite> <!-- selenium.naukri.PruNaukri -->
