<?xml version="1.0" encoding="UTF-8"?>
<!-- Generated by org.testng.reporters.JUnitReportReporter -->
<testsuite hostname="DKondalarao-PC" name="selenium.jdbc.ConnectDemo" tests="1" failures="0" timestamp="3 Mar 2016 04:27:00 GMT" time="0.109" errors="0">
  <testcase name="display" time="0.109" classname="selenium.jdbc.ConnectDemo"/>
</testsuite> <!-- selenium.jdbc.ConnectDemo -->
