<?xml version="1.0" encoding="UTF-8"?>
<!-- Generated by org.testng.reporters.JUnitReportReporter -->
<testsuite hostname="DKondalarao-PC" name="selenium.demo.OrDemo" tests="1" failures="0" timestamp="29 Mar 2016 05:41:37 GMT" time="0.494" errors="0">
  <testcase name="or" time="0.494" classname="selenium.demo.OrDemo"/>
</testsuite> <!-- selenium.demo.OrDemo -->
